{
  "stats": {
    "suites": 2,
    "tests": 1,
    "passes": 0,
    "pending": 0,
    "failures": 1,
    "start": "2023-11-15T10:00:04.323Z",
    "end": "2023-11-15T10:02:28.346Z",
    "duration": 144023
  },
  "tests": [
    {
      "title": "Multiple cases",
      "fullTitle": "swapper.contract.test Fuzzy monochain meta-swapping (automated best route) Multiple cases",
      "file": "/Users/derpa/Work/astrolab/swapper/test/integration/swapper.contract.test.ts",
      "duration": 106826,
      "currentRetry": 0,
      "err": {
        "message": "Unspecified AssertionError",
        "showDiff": false,
        "actual": null,
        "stack": "AssertionError: Unspecified AssertionError\n    at _swap (test/integration/swapper.contract.test.ts:110:9)\n    at processTicksAndRejections (node:internal/process/task_queues:95:5)\n    at async Context.<anonymous> (test/integration/swapper.contract.test.ts:146:9)",
        "multiple": [
          {
            "name": "AssertionError",
            "message": "Unspecified AssertionError",
            "showDiff": false,
            "actual": null,
            "multiple": "AssertionError: Unspecified AssertionError",
            "stack": "AssertionError: Unspecified AssertionError\n    at _swap (test/integration/swapper.contract.test.ts:110:9)\n    at processTicksAndRejections (node:internal/process/task_queues:95:5)\n    at async Context.<anonymous> (test/integration/swapper.contract.test.ts:146:9)"
          }
        ]
      }
    }
  ],
  "pending": [],
  "failures": [
    {
      "title": "Multiple cases",
      "fullTitle": "swapper.contract.test Fuzzy monochain meta-swapping (automated best route) Multiple cases",
      "file": "/Users/derpa/Work/astrolab/swapper/test/integration/swapper.contract.test.ts",
      "duration": 106826,
      "currentRetry": 0,
      "err": {
        "message": "Unspecified AssertionError",
        "showDiff": false,
        "actual": null,
        "stack": "AssertionError: Unspecified AssertionError\n    at _swap (test/integration/swapper.contract.test.ts:110:9)\n    at processTicksAndRejections (node:internal/process/task_queues:95:5)\n    at async Context.<anonymous> (test/integration/swapper.contract.test.ts:146:9)",
        "multiple": [
          {
            "name": "AssertionError",
            "message": "Unspecified AssertionError",
            "showDiff": false,
            "actual": null,
            "multiple": "AssertionError: Unspecified AssertionError",
            "stack": "AssertionError: Unspecified AssertionError\n    at _swap (test/integration/swapper.contract.test.ts:110:9)\n    at processTicksAndRejections (node:internal/process/task_queues:95:5)\n    at async Context.<anonymous> (test/integration/swapper.contract.test.ts:146:9)"
          }
        ]
      }
    }
  ],
  "passes": []
}